2025-01-30T19:19:09 | touched: LICENSE
2025-01-31T15:53:35 | touched: package.json
2025-07-08T17:29:47 | touched: package.json
2025-04-18T04:57:26 | touched: .env.example
2025-08-08T05:18:42 | touched: contracts/Actorcriticnet.sol
2025-03-26T07:28:38 | touched: .env.example
2025-10-19T05:56:26 | touched: README.md
2025-12-20T18:52:00 | touched: scripts/deploy.js
2025-06-27T18:38:16 | touched: README.md
2025-03-13T14:14:58 | touched: scripts/deploy.js
2025-05-15T11:48:26 | touched: LICENSE
2025-10-12T06:14:45 | touched: hardhat.config.js
2025-08-11T08:45:16 | touched: LICENSE
2025-10-14T21:25:08 | touched: contracts/Actorcriticnet.sol
2025-10-19T15:57:34 | touched: LICENSE
2025-04-28T03:35:50 | touched: .env.example
2025-11-18T11:58:38 | touched: test/Actorcriticnet.test.js
2025-09-19T07:01:17 | touched: LICENSE
2025-11-15T08:44:30 | touched: package.json
2025-01-18T09:01:23 | touched: .env.example
2025-05-08T01:31:46 | touched: package.json
2025-12-24T19:33:46 | touched: contracts/Actorcriticnet.sol
2025-07-07T15:26:04 | touched: test/Actorcriticnet.test.js
2025-05-09T20:21:49 | touched: hardhat.config.js
2025-02-08T10:52:53 | touched: README.md
2025-08-27T06:11:23 | touched: scripts/deploy.js
2025-05-21T03:28:54 | touched: package.json
2025-11-19T21:25:43 | touched: scripts/deploy.js
2025-03-27T22:59:36 | touched: scripts/deploy.js
2025-11-28T21:36:14 | touched: hardhat.config.js
2025-06-02T22:28:40 | touched: .env.example
2025-09-13T03:40:34 | touched: README.md
2025-10-20T22:40:17 | touched: package.json
2025-10-04T04:33:44 | touched: LICENSE
2025-02-19T09:48:09 | touched: .env.example
2025-03-07T06:55:16 | touched: .env.example
2025-04-09T22:53:36 | touched: .env.example
2026-01-06T10:50:40 | touched: package.json
